<?xml version="1.0" encoding="UTF-8"?>
<!-- Generated by org.testng.reporters.JUnitReportReporter -->
<testsuite hostname="LTCZ0129" failures="0" tests="2" name="com.qa.ewl.tests.LoginPageTest" time="8.239" errors="0" timestamp="2023-06-11T10:40:27 IST" skipped="0">
  <testcase classname="com.qa.ewl.tests.LoginPageTest" name="LoginPageTitleTest" time="0.021"/>
  <system-out/>
  <testcase classname="com.qa.ewl.tests.LoginPageTest" name="LoginTest" time="8.218"/>
  <system-out/>
</testsuite> <!-- com.qa.ewl.tests.LoginPageTest -->
