<?xml version="1.0" encoding="UTF-8"?>
<!-- Generated by org.testng.reporters.JUnitReportReporter -->
<testsuite hostname="LTCZ0129" failures="0" tests="1" name="com.qa.ewl.tests.DashboardTest" time="5.493" errors="0" timestamp="2023-05-15T16:22:15 IST" skipped="0">
  <testcase classname="com.qa.ewl.tests.DashboardTest" name="navigateToBookingList" time="5.493"/>
  <system-out/>
</testsuite> <!-- com.qa.ewl.tests.DashboardTest -->
