<?xml version="1.0" encoding="UTF-8"?>
<!-- Generated by org.testng.reporters.JUnitReportReporter -->
<testsuite hostname="LTCZ0129" failures="0" tests="1" name="com.qa.ewl.tests.CreateBookingTest" time="29.184" errors="0" timestamp="2023-06-07T16:53:19 IST" skipped="0">
  <testcase classname="com.qa.ewl.tests.CreateBookingTest" name="createNewBooking" time="29.184"/>
  <system-out/>
</testsuite> <!-- com.qa.ewl.tests.CreateBookingTest -->
