<?xml version="1.0" encoding="UTF-8"?>
<!-- Generated by org.testng.reporters.JUnitReportReporter -->
<testsuite hostname="LTCZ0129" failures="0" tests="1" name="com.qa.ewl.tests.DashboardTest" time="3.069" errors="0" timestamp="2023-06-11T10:38:36 IST" skipped="0">
  <testcase classname="com.qa.ewl.tests.DashboardTest" name="navigateToBookingList" time="3.069"/>
  <system-out/>
</testsuite> <!-- com.qa.ewl.tests.DashboardTest -->
